[    0.000000] Initializing cgroup subsys cpuset
[    0.000000] Initializing cgroup subsys cpu
[    0.000000] Initializing cgroup subsys cpuacct
[    0.000000] Linux version 4.4.0-146-generic (buildd@lcy01-amd64-025) (gcc version 5.4.0 20160609 (Ubuntu 5.4.0-6ubuntu1~16.04.10) ) #172-Ubuntu SMP Wed Apr 3 09:00:08 UTC 2019 (Ubuntu 4.4.0-146.172-generic 4.4.177)
[    0.000000] Command line: BOOT_IMAGE=/boot/vmlinuz-4.4.0-146-generic root=LABEL=cloudimg-rootfs ro console=tty1 console=ttyS0
[    0.000000] KERNEL supported cpus:
[    0.000000]   Intel GenuineIntel
[    0.000000]   AMD AuthenticAMD
[    0.000000]   Centaur CentaurHauls
[    0.000000] x86/fpu: xstate_offset[2]:  576, xstate_sizes[2]:  256
[    0.000000] x86/fpu: Supporting XSAVE feature 0x01: 'x87 floating point registers'
[    0.000000] x86/fpu: Supporting XSAVE feature 0x02: 'SSE registers'
[    0.000000] x86/fpu: Supporting XSAVE feature 0x04: 'AVX registers'
[    0.000000] x86/fpu: Enabled xstate features 0x7, context size is 832 bytes, using 'standard' format.
[    0.000000] e820: BIOS-provided physical RAM map:
[    0.000000] BIOS-e820: [mem 0x0000000000000000-0x000000000009fbff] usable
[    0.000000] BIOS-e820: [mem 0x000000000009fc00-0x000000000009ffff] reserved
[    0.000000] BIOS-e820: [mem 0x00000000000f0000-0x00000000000fffff] reserved
[    0.000000] BIOS-e820: [mem 0x0000000000100000-0x00000000dffeffff] usable
[    0.000000] BIOS-e820: [mem 0x00000000dfff0000-0x00000000dfffffff] ACPI data
[    0.000000] BIOS-e820: [mem 0x00000000fec00000-0x00000000fec00fff] reserved
[    0.000000] BIOS-e820: [mem 0x00000000fee00000-0x00000000fee00fff] reserved
[    0.000000] BIOS-e820: [mem 0x00000000fffc0000-0x00000000ffffffff] reserved
[    0.000000] BIOS-e820: [mem 0x0000000100000000-0x000000011fffffff] usable
[    0.000000] NX (Execute Disable) protection: active
[    0.000000] SMBIOS 2.5 present.
[    0.000000] Hypervisor detected: KVM
[    0.000000] e820: last_pfn = 0x120000 max_arch_pfn = 0x400000000
[    0.000000] MTRR: Disabled
[    0.000000] x86/PAT: MTRRs disabled, skipping PAT initialization too.
[    0.000000] CPU MTRRs all blank - virtualized system.
[    0.000000] x86/PAT: Configuration [0-7]: WB  WT  UC- UC  WB  WT  UC- UC  
[    0.000000] e820: last_pfn = 0xdfff0 max_arch_pfn = 0x400000000
[    0.000000] found SMP MP-table at [mem 0x0009fff0-0x0009ffff] mapped at [ffff88000009fff0]
[    0.000000] Scanning 1 areas for low memory corruption
[    0.000000] RAMDISK: [mem 0x362fc000-0x37175fff]
[    0.000000] ACPI: Early table checksum verification disabled
[    0.000000] ACPI: RSDP 0x00000000000E0000 000024 (v02 VBOX  )
[    0.000000] ACPI: XSDT 0x00000000DFFF0030 00003C (v01 VBOX   VBOXXSDT 00000001 ASL  00000061)
[    0.000000] ACPI: FACP 0x00000000DFFF00F0 0000F4 (v04 VBOX   VBOXFACP 00000001 ASL  00000061)
[    0.000000] ACPI: DSDT 0x00000000DFFF0470 0022EA (v02 VBOX   VBOXBIOS 00000002 INTL 20190215)
[    0.000000] ACPI: FACS 0x00000000DFFF0200 000040
[    0.000000] ACPI: FACS 0x00000000DFFF0200 000040
[    0.000000] ACPI: APIC 0x00000000DFFF0240 00005C (v02 VBOX   VBOXAPIC 00000001 ASL  00000061)
[    0.000000] ACPI: SSDT 0x00000000DFFF02A0 0001CC (v01 VBOX   VBOXCPUT 00000002 INTL 20190215)
[    0.000000] No NUMA configuration found
[    0.000000] Faking a node at [mem 0x0000000000000000-0x000000011fffffff]
[    0.000000] NODE_DATA(0) allocated [mem 0x11fff7000-0x11fffbfff]
[    0.000000] kvm-clock: Using msrs 4b564d01 and 4b564d00
[    0.000000] kvm-clock: cpu 0, msr 1:1ffef001, primary cpu clock
[    0.000000] kvm-clock: using sched offset of 3250129162 cycles
[    0.000000] clocksource: kvm-clock: mask: 0xffffffffffffffff max_cycles: 0x1cd42e4dffb, max_idle_ns: 881590591483 ns
[    0.000000] Zone ranges:
[    0.000000]   DMA      [mem 0x0000000000001000-0x0000000000ffffff]
[    0.000000]   DMA32    [mem 0x0000000001000000-0x00000000ffffffff]
[    0.000000]   Normal   [mem 0x0000000100000000-0x000000011fffffff]
[    0.000000]   Device   empty
[    0.000000] Movable zone start for each node
[    0.000000] Early memory node ranges
[    0.000000]   node   0: [mem 0x0000000000001000-0x000000000009efff]
[    0.000000]   node   0: [mem 0x0000000000100000-0x00000000dffeffff]
[    0.000000]   node   0: [mem 0x0000000100000000-0x000000011fffffff]
[    0.000000] Initmem setup node 0 [mem 0x0000000000001000-0x000000011fffffff]
[    0.000000] ACPI: PM-Timer IO Port: 0x4008
[    0.000000] IOAPIC[0]: apic_id 2, version 32, address 0xfec00000, GSI 0-23
[    0.000000] ACPI: INT_SRC_OVR (bus 0 bus_irq 0 global_irq 2 dfl dfl)
[    0.000000] ACPI: INT_SRC_OVR (bus 0 bus_irq 9 global_irq 9 low level)
[    0.000000] Using ACPI (MADT) for SMP configuration information
[    0.000000] smpboot: Allowing 2 CPUs, 0 hotplug CPUs
[    0.000000] PM: Registered nosave memory: [mem 0x00000000-0x00000fff]
[    0.000000] PM: Registered nosave memory: [mem 0x0009f000-0x0009ffff]
[    0.000000] PM: Registered nosave memory: [mem 0x000a0000-0x000effff]
[    0.000000] PM: Registered nosave memory: [mem 0x000f0000-0x000fffff]
[    0.000000] PM: Registered nosave memory: [mem 0xdfff0000-0xdfffffff]
[    0.000000] PM: Registered nosave memory: [mem 0xe0000000-0xfebfffff]
[    0.000000] PM: Registered nosave memory: [mem 0xfec00000-0xfec00fff]
[    0.000000] PM: Registered nosave memory: [mem 0xfec01000-0xfedfffff]
[    0.000000] PM: Registered nosave memory: [mem 0xfee00000-0xfee00fff]
[    0.000000] PM: Registered nosave memory: [mem 0xfee01000-0xfffbffff]
[    0.000000] PM: Registered nosave memory: [mem 0xfffc0000-0xffffffff]
[    0.000000] e820: [mem 0xe0000000-0xfebfffff] available for PCI devices
[    0.000000] Booting paravirtualized kernel on KVM
[    0.000000] clocksource: refined-jiffies: mask: 0xffffffff max_cycles: 0xffffffff, max_idle_ns: 7645519600211568 ns
[    0.000000] setup_percpu: NR_CPUS:512 nr_cpumask_bits:512 nr_cpu_ids:2 nr_node_ids:1
[    0.000000] PERCPU: Embedded 34 pages/cpu @ffff88011fc00000 s99480 r8192 d31592 u1048576
[    0.000000] Built 1 zonelists in Node order, mobility grouping on.  Total pages: 1032056
[    0.000000] Policy zone: Normal
[    0.000000] Kernel command line: BOOT_IMAGE=/boot/vmlinuz-4.4.0-146-generic root=LABEL=cloudimg-rootfs ro console=tty1 console=ttyS0
[    0.000000] PID hash table entries: 4096 (order: 3, 32768 bytes)
[    0.000000] Memory: 4028248K/4193848K available (8609K kernel code, 1334K rwdata, 4028K rodata, 1484K init, 1284K bss, 165600K reserved, 0K cma-reserved)
[    0.000000] SLUB: HWalign=64, Order=0-3, MinObjects=0, CPUs=2, Nodes=1
[    0.000000] Kernel/User page tables isolation: enabled
[    0.000000] Hierarchical RCU implementation.
[    0.000000] 	Build-time adjustment of leaf fanout to 64.
[    0.000000] 	RCU restricting CPUs from NR_CPUS=512 to nr_cpu_ids=2.
[    0.000000] RCU: Adjusting geometry for rcu_fanout_leaf=64, nr_cpu_ids=2
[    0.000000] NR_IRQS:33024 nr_irqs:440 16
[    0.000000] Console: colour VGA+ 80x25
[    0.000000] console [tty1] enabled
[    0.000000] console [ttyS0] enabled
[    0.000000] tsc: Detected 2903.998 MHz processor
[    0.182601] Calibrating delay loop (skipped) preset value.. 5807.99 BogoMIPS (lpj=11615992)
[    0.185724] pid_max: default: 32768 minimum: 301
[    0.186837] ACPI: Core revision 20150930
[    0.188200] ACPI: 2 ACPI AML tables successfully acquired and loaded
[    0.189160] Security Framework initialized
[    0.189797] Yama: becoming mindful.
[    0.190371] AppArmor: AppArmor initialized
[    0.191785] Dentry cache hash table entries: 524288 (order: 10, 4194304 bytes)
[    0.194519] Inode-cache hash table entries: 262144 (order: 9, 2097152 bytes)
[    0.195839] Mount-cache hash table entries: 8192 (order: 4, 65536 bytes)
[    0.196921] Mountpoint-cache hash table entries: 8192 (order: 4, 65536 bytes)
[    0.198580] Initializing cgroup subsys io
[    0.199277] Initializing cgroup subsys memory
[    0.200027] Initializing cgroup subsys devices
[    0.200798] Initializing cgroup subsys freezer
[    0.201700] Initializing cgroup subsys net_cls
[    0.202440] Initializing cgroup subsys perf_event
[    0.203227] Initializing cgroup subsys net_prio
[    0.204014] Initializing cgroup subsys hugetlb
[    0.204784] Initializing cgroup subsys pids
[    0.206644] mce: CPU supports 0 MCE banks
[    0.207383] Last level iTLB entries: 4KB 64, 2MB 8, 4MB 8
[    0.208298] Last level dTLB entries: 4KB 64, 2MB 0, 4MB 0, 1GB 4
[    0.209273] Spectre V2 : Mitigation: Full generic retpoline
[    0.210918] Spectre V2 : Spectre v2 / SpectreRSB mitigation: Filling RSB on context switch
[    0.213323] Speculative Store Bypass: Vulnerable
[    0.217740] Freeing SMP alternatives memory: 36K
[    0.223702] ftrace: allocating 32287 entries in 127 pages
[    0.284093] smpboot: APIC(0) Converting physical 0 to logical package 0
[    0.285266] smpboot: Max logical packages: 1
[    0.286341] x2apic enabled
[    0.287172] Switched APIC routing to physical x2apic.
[    0.289216] ..TIMER: vector=0x30 apic1=0 pin1=2 apic2=-1 pin2=-1
[    0.398152] smpboot: CPU0: Intel(R) Core(TM) i7-7500U CPU @ 2.70GHz (family: 0x6, model: 0x8e, stepping: 0x9)
[    0.399744] Performance Events: unsupported p6 CPU model 142 no PMU driver, software events only.
[    0.410599] KVM setup paravirtual spinlock
[    0.411969] x86: Booting SMP configuration:
[    0.412605] .... node  #0, CPUs:      #1
[    0.413277] kvm-clock: cpu 1, msr 1:1ffef041, secondary cpu clock
[    0.414908] mce: CPU supports 0 MCE banks
[    0.417278] x86: Booted up 1 node, 2 CPUs
[    0.418144] smpboot: Total of 2 processors activated (11615.99 BogoMIPS)
[    0.419683] devtmpfs: initialized
[    0.422547] evm: security.selinux
[    0.423306] evm: security.SMACK64
[    0.423946] evm: security.SMACK64EXEC
[    0.424684] evm: security.SMACK64TRANSMUTE
[    0.425840] evm: security.SMACK64MMAP
[    0.427014] evm: security.ima
[    0.427711] evm: security.capability
[    0.428538] clocksource: jiffies: mask: 0xffffffff max_cycles: 0xffffffff, max_idle_ns: 7645041785100000 ns
[    0.429950] futex hash table entries: 512 (order: 3, 32768 bytes)
[    0.430885] pinctrl core: initialized pinctrl subsystem
[    0.431721] RTC time:  6:31:00, date: 04/30/19
[    0.432526] NET: Registered protocol family 16
[    0.441931] cpuidle: using governor ladder
[    0.453683] cpuidle: using governor menu
[    0.454368] PCCT header not found.
[    0.454982] ACPI: bus type PCI registered
[    0.455616] acpiphp: ACPI Hot Plug PCI Controller Driver version: 0.5
[    0.456587] PCI: Using configuration type 1 for base access
[    0.470465] ACPI: Added _OSI(Module Device)
[    0.471195] ACPI: Added _OSI(Processor Device)
[    0.471854] ACPI: Added _OSI(3.0 _SCP Extensions)
[    0.472534] ACPI: Added _OSI(Processor Aggregator Device)
[    0.473892] ACPI: Executed 1 blocks of module-level executable AML code
[    0.479267] ACPI: Interpreter enabled
[    0.480465] ACPI: (supports S0 S5)
[    0.481081] ACPI: Using IOAPIC for interrupt routing
[    0.482288] PCI: Using host bridge windows from ACPI; if necessary, use "pci=nocrs" and report a bug
[    0.486607] ACPI: PCI Root Bridge [PCI0] (domain 0000 [bus 00-ff])
[    0.487586] acpi PNP0A03:00: _OSC: OS supports [ASPM ClockPM Segments MSI]
[    0.488870] acpi PNP0A03:00: _OSC: not requesting OS control; OS requires [ExtendedConfig ASPM ClockPM MSI]
[    0.490435] acpi PNP0A03:00: fail to add MMCONFIG information, can't access extended PCI configuration space under this bridge.
[    0.493785] PCI host bridge to bus 0000:00
[    0.494408] pci_bus 0000:00: root bus resource [io  0x0000-0x0cf7 window]
[    0.495543] pci_bus 0000:00: root bus resource [io  0x0d00-0xffff window]
[    0.496431] pci_bus 0000:00: root bus resource [mem 0x000a0000-0x000bffff window]
[    0.507724] pci_bus 0000:00: root bus resource [mem 0xe0000000-0xfdffffff window]
[    0.509720] pci_bus 0000:00: root bus resource [bus 00-ff]
[    0.512535] pci 0000:00:01.1: legacy IDE quirk: reg 0x10: [io  0x01f0-0x01f7]
[    0.513481] pci 0000:00:01.1: legacy IDE quirk: reg 0x14: [io  0x03f6]
[    0.514365] pci 0000:00:01.1: legacy IDE quirk: reg 0x18: [io  0x0170-0x0177]
[    0.515623] pci 0000:00:01.1: legacy IDE quirk: reg 0x1c: [io  0x0376]
[    0.561554] pci 0000:00:07.0: quirk: [io  0x4000-0x403f] claimed by PIIX4 ACPI
[    0.565090] pci 0000:00:07.0: quirk: [io  0x4100-0x410f] claimed by PIIX4 SMB
[    0.597824] ACPI: PCI Interrupt Link [LNKA] (IRQs 5 9 10 *11)
[    0.599143] ACPI: PCI Interrupt Link [LNKB] (IRQs 5 9 *10 11)
[    0.600286] ACPI: PCI Interrupt Link [LNKC] (IRQs 5 *9 10 11)
[    0.601551] ACPI: PCI Interrupt Link [LNKD] (IRQs 5 9 10 *11)
[    0.602749] ACPI: Enabled 2 GPEs in block 00 to 07
[    0.603777] vgaarb: setting as boot device: PCI:0000:00:02.0
[    0.604571] vgaarb: device added: PCI:0000:00:02.0,decodes=io+mem,owns=io+mem,locks=none
[    0.605987] vgaarb: loaded
[    0.606515] vgaarb: bridge control possible 0000:00:02.0
[    0.607749] SCSI subsystem initialized
[    0.609675] ACPI: bus type USB registered
[    0.611053] usbcore: registered new interface driver usbfs
[    0.612331] usbcore: registered new interface driver hub
[    0.613101] usbcore: registered new device driver usb
[    0.614089] PCI: Using ACPI for IRQ routing
[    0.614965] NetLabel: Initializing
[    0.615519] NetLabel:  domain hash size = 128
[    0.616162] NetLabel:  protocols = UNLABELED CIPSOv4
[    0.616904] NetLabel:  unlabeled traffic allowed by default
[    0.617816] amd_nb: Cannot enumerate AMD northbridges
[    0.618945] clocksource: Switched to clocksource kvm-clock
[    0.625645] AppArmor: AppArmor Filesystem Enabled
[    0.626817] pnp: PnP ACPI init
[    0.627992] pnp: PnP ACPI: found 3 devices
[    0.640023] clocksource: acpi_pm: mask: 0xffffff max_cycles: 0xffffff, max_idle_ns: 2085701024 ns
[    0.641805] NET: Registered protocol family 2
[    0.643995] TCP established hash table entries: 32768 (order: 6, 262144 bytes)
[    0.645525] TCP bind hash table entries: 32768 (order: 7, 524288 bytes)
[    0.646848] TCP: Hash tables configured (established 32768 bind 32768)
[    0.647784] UDP hash table entries: 2048 (order: 4, 65536 bytes)
[    0.648613] UDP-Lite hash table entries: 2048 (order: 4, 65536 bytes)
[    0.649535] NET: Registered protocol family 1
[    0.650352] pci 0000:00:00.0: Limiting direct PCI/PCI transfers
[    0.651183] pci 0000:00:01.0: Activating ISA DMA hang workarounds
[    0.652116] Unpacking initramfs...
[    0.845606] Freeing initrd memory: 14824K
[    0.846494] PCI-DMA: Using software bounce buffering for IO (SWIOTLB)
[    0.847466] software IO TLB: mapped [mem 0xdbff0000-0xdfff0000] (64MB)
[    0.848444] platform rtc_cmos: registered platform RTC device (no PNP device found)
[    0.849698] Scanning for low memory corruption every 60 seconds
[    0.850971] audit: initializing netlink subsys (disabled)
[    0.851947] audit: type=2000 audit(1556605865.180:1): initialized
[    0.853297] Initialise system trusted keyring
[    0.854227] HugeTLB registered 2 MB page size, pre-allocated 0 pages
[    0.856399] zbud: loaded
[    0.858044] VFS: Disk quotas dquot_6.6.0
[    0.858877] VFS: Dquot-cache hash table entries: 512 (order 0, 4096 bytes)
[    0.860171] squashfs: version 4.0 (2009/01/31) Phillip Lougher
[    0.861239] fuse init (API version 7.23)
[    0.862187] Key type big_key registered
[    0.862908] Allocating IMA MOK and blacklist keyrings.
[    0.864780] Key type asymmetric registered
[    0.865456] Asymmetric key parser 'x509' registered
[    0.866212] Block layer SCSI generic (bsg) driver version 0.4 loaded (major 249)
[    0.867456] io scheduler noop registered
[    0.868082] io scheduler deadline registered (default)
[    0.868879] io scheduler cfq registered
[    0.869590] pci_hotplug: PCI Hot Plug PCI Core version: 0.5
[    0.870547] pciehp: PCI Express Hot Plug Controller Driver version: 0.4
[    0.871801] ACPI: AC Adapter [AC] (on-line)
[    0.872829] input: Power Button as /devices/LNXSYSTM:00/LNXPWRBN:00/input/input0
[    0.874552] ACPI: Power Button [PWRF]
[    0.877733] input: Sleep Button as /devices/LNXSYSTM:00/LNXSLPBN:00/input/input1
[    0.882310] ACPI: Sleep Button [SLPF]
[    0.884032] ACPI: Battery Slot [BAT0] (battery present)
[    0.884959] GHES: HEST is not enabled!
[    0.885743] Serial: 8250/16550 driver, 32 ports, IRQ sharing enabled
[    0.907489] 00:02: ttyS0 at I/O 0x3f8 (irq = 4, base_baud = 115200) is a 16550A
[    0.914920] Linux agpgart interface v0.103
[    0.916841] loop: module loaded
[    0.917807] scsi host0: ata_piix
[    0.918446] scsi host1: ata_piix
[    0.919012] ata1: PATA max UDMA/33 cmd 0x1f0 ctl 0x3f6 bmdma 0xd000 irq 14
[    0.919966] ata2: PATA max UDMA/33 cmd 0x170 ctl 0x376 bmdma 0xd008 irq 15
[    0.921002] libphy: Fixed MDIO Bus: probed
[    0.921678] tun: Universal TUN/TAP device driver, 1.6
[    0.923209] tun: (C) 1999-2004 Max Krasnyansky <maxk@qualcomm.com>
[    0.929658] PPP generic driver version 2.4.2
[    0.931379] ehci_hcd: USB 2.0 'Enhanced' Host Controller (EHCI) Driver
[    0.932511] ehci-pci: EHCI PCI platform driver
[    0.933657] ehci-platform: EHCI generic platform driver
[    0.935024] ohci_hcd: USB 1.1 'Open' Host Controller (OHCI) Driver
[    0.936053] ohci-pci: OHCI PCI platform driver
[    0.936836] ohci-platform: OHCI generic platform driver
[    0.937690] uhci_hcd: USB Universal Host Controller Interface driver
[    0.938841] i8042: PNP: PS/2 Controller [PNP0303:PS2K,PNP0f03:PS2M] at 0x60,0x64 irq 1,12
[    0.941139] serio: i8042 KBD port at 0x60,0x64 irq 1
[    0.942080] serio: i8042 AUX port at 0x60,0x64 irq 12
[    0.943178] mousedev: PS/2 mouse device common for all mice
[    0.947687] input: AT Translated Set 2 keyboard as /devices/platform/i8042/serio0/input/input2
[    0.950471] rtc_cmos rtc_cmos: rtc core: registered rtc_cmos as rtc0
[    0.951502] rtc_cmos rtc_cmos: alarms up to one day, 114 bytes nvram
[    0.952505] i2c /dev entries driver
[    0.953124] device-mapper: uevent: version 1.0.3
[    0.953876] device-mapper: ioctl: 4.34.0-ioctl (2015-10-28) initialised: dm-devel@redhat.com
[    0.955211] ledtrig-cpu: registered to indicate activity on CPUs
[    0.956720] NET: Registered protocol family 10
[    0.958123] NET: Registered protocol family 17
[    0.960602] Key type dns_resolver registered
[    0.962392] registered taskstats version 1
[    0.963134] Loading compiled-in X.509 certificates
[    0.964629] Loaded X.509 cert 'Build time autogenerated kernel key: 4dcb2dc2c7cf43e0c20c44384f68683c20294489'
[    0.967256] zswap: loaded using pool lzo/zbud
[    0.970435] Key type trusted registered
[    0.978332] Key type encrypted registered
[    0.979659] AppArmor: AppArmor sha1 policy hashing enabled
[    0.980510] ima: No TPM chip found, activating TPM-bypass!
[    0.981341] ima: Allocated hash algorithm: sha1
[    0.982235] evm: HMAC attrs: 0x1
[    0.983177]   Magic number: 15:354:520
[    0.983922] rtc_cmos rtc_cmos: setting system clock to 2019-04-30 06:31:01 UTC (1556605861)
[    0.985417] BIOS EDD facility v0.16 2004-Jun-25, 0 devices found
[    0.986374] EDD information not available.
[    1.081219] Freeing unused kernel memory: 1484K
[    1.082660] Write protecting the kernel read-only data: 14336k
[    1.084149] Freeing unused kernel memory: 1620K
[    1.085123] Freeing unused kernel memory: 68K
Loading, please wait...
starting version 229
[    1.108466] random: systemd-udevd: uninitialized urandom read (16 bytes read, 3 bits of entropy available)
[    1.109620] random: udevadm: uninitialized urandom read (16 bytes read, 3 bits of entropy available)
[    1.109673] random: udevadm: uninitialized urandom read (16 bytes read, 3 bits of entropy available)
[    1.116059] random: systemd-udevd: uninitialized urandom read (16 bytes read, 3 bits of entropy available)
[    1.118214] random: systemd-udevd: uninitialized urandom read (16 bytes read, 3 bits of entropy available)
[    1.119964] random: udevadm: uninitialized urandom read (16 bytes read, 3 bits of entropy available)
[    1.120007] random: udevadm: uninitialized urandom read (16 bytes read, 3 bits of entropy available)
[    1.120135] random: udevadm: uninitialized urandom read (16 bytes read, 3 bits of entropy available)
[    1.120180] random: udevadm: uninitialized urandom read (16 bytes read, 3 bits of entropy available)
[    1.120224] random: udevadm: uninitialized urandom read (16 bytes read, 3 bits of entropy available)
[    1.192080] Fusion MPT base driver 3.04.20
[    1.192979] Copyright (c) 1999-2008 LSI Corporation
[    1.196410] e1000: Intel(R) PRO/1000 Network Driver - version 7.3.21-k8-NAPI
[    1.197432] e1000: Copyright (c) 1999-2006 Intel Corporation.
[    1.201741] Fusion MPT SPI Host driver 3.04.20
[    1.206667] AVX2 version of gcm_enc/dec engaged.
[    1.211366] AES CTR mode by8 optimization enabled
[    1.417553] input: ImExPS/2 Generic Explorer Mouse as /devices/platform/i8042/serio1/input/input4
[    1.779292] e1000 0000:00:03.0 eth0: (PCI:33MHz:32-bit) 02:26:7f:6e:ca:81
[    1.783615] e1000 0000:00:03.0 eth0: Intel(R) PRO/1000 Network Connection
[    1.848025] clocksource: tsc: mask: 0xffffffffffffffff max_cycles: 0x29dc03c1beb, max_idle_ns: 440795205215 ns
[    2.185865] e1000 0000:00:08.0 eth1: (PCI:33MHz:32-bit) 08:00:27:19:aa:83
[    2.186862] e1000 0000:00:08.0 eth1: Intel(R) PRO/1000 Network Connection
[    2.188797] mptbase: ioc0: Initiating bringup
[    2.188912] e1000 0000:00:08.0 enp0s8: renamed from eth1
[    2.203629] e1000 0000:00:03.0 enp0s3: renamed from eth0
[    2.251898] ioc0: LSI53C1030 A0: Capabilities={Initiator}
[    2.462587] scsi host2: ioc0: LSI53C1030 A0, FwRev=00000000h, Ports=1, MaxQ=256, IRQ=20
[    2.583829] scsi 2:0:0:0: Direct-Access     VBOX     HARDDISK         1.0  PQ: 0 ANSI: 5
[    2.586507] scsi target2:0:0: Beginning Domain Validation
[    2.587940] scsi target2:0:0: Domain Validation skipping write tests
[    2.588959] scsi target2:0:0: Ending Domain Validation
[    2.589870] scsi target2:0:0: asynchronous
[    2.591062] scsi 2:0:1:0: Direct-Access     VBOX     HARDDISK         1.0  PQ: 0 ANSI: 5
[    2.593697] scsi target2:0:1: Beginning Domain Validation
[    2.596162] scsi target2:0:1: Domain Validation skipping write tests
[    2.597198] scsi target2:0:1: Ending Domain Validation
[    2.598137] scsi target2:0:1: asynchronous
[    2.602464] sd 2:0:0:0: Attached scsi generic sg0 type 0
[    2.603405] sd 2:0:0:0: [sda] 20971520 512-byte logical blocks: (10.7 GB/10.0 GiB)
[    2.605040] sd 2:0:1:0: [sdb] 20480 512-byte logical blocks: (10.5 MB/10.0 MiB)
[    2.606251] sd 2:0:1:0: Attached scsi generic sg1 type 0
[    2.607343] sd 2:0:1:0: [sdb] Write Protect is off
[    2.608418] sd 2:0:0:0: [sda] Write Protect is off
[    2.609340] sd 2:0:1:0: [sdb] Incomplete mode parameter data
[    2.610321] sd 2:0:1:0: [sdb] Assuming drive cache: write through
[    2.611343] sd 2:0:0:0: [sda] Incomplete mode parameter data
[    2.612283] sd 2:0:0:0: [sda] Assuming drive cache: write through
[    2.614336]  sda: sda1
[    2.617247] sd 2:0:0:0: [sda] Attached SCSI disk
[    2.618835] sd 2:0:1:0: [sdb] Attached SCSI disk
Begin: Loading essential drivers ... [    4.009326] md: linear personality registered for level -1
[    4.013101] md: multipath personality registered for level -4
[    4.015922] md: raid0 personality registered for level 0
[    4.019583] md: raid1 personality registered for level 1
[    4.091796] raid6: sse2x1   gen() 10056 MB/s
[    4.163709] raid6: sse2x1   xor()  6750 MB/s
[    4.231907] raid6: sse2x2   gen() 11888 MB/s
[    4.303170] raid6: sse2x2   xor()  8496 MB/s
[    4.371150] raid6: sse2x4   gen() 13732 MB/s
[    4.440360] raid6: sse2x4   xor()  8929 MB/s
[    4.508406] raid6: avx2x1   gen() 20198 MB/s
[    4.581935] raid6: avx2x2   gen() 24188 MB/s
[    4.647107] raid6: avx2x4   gen() 24177 MB/s
[    4.647826] raid6: using algorithm avx2x2 gen() 24188 MB/s
[    4.648678] raid6: using avx2x2 recovery algorithm
[    4.650706] xor: automatically using best checksumming function:
[    4.690990]    avx       : 25783.000 MB/sec
[    4.694792] async_tx: api initialized (async)
[    4.708762] md: raid6 personality registered for level 6
[    4.710214] md: raid5 personality registered for level 5
[    4.711076] md: raid4 personality registered for level 4
[    4.717170] md: raid10 personality registered for level 10
done.
Begin: Running /scripts/init-premount ... done.
Begin: Mounting root file system ... Begin: Running /scripts/local-top ... done.
Begin: Running /scripts/local-premount ... [    4.748011] Btrfs loaded
Scanning for Btrfs filesystems
done.
Warning: fsck not present, so skipping root file system
[    4.785627] EXT4-fs (sda1): mounted filesystem with ordered data mode. Opts: (null)
done.
Begin: Running /scripts/local-bottom ... done.
Begin: Running /scripts/init-bottom ... done.
[    4.886218] systemd[1]: systemd 229 running in system mode. (+PAM +AUDIT +SELINUX +IMA +APPARMOR +SMACK +SYSVINIT +UTMP +LIBCRYPTSETUP +GCRYPT +GNUTLS +ACL +XZ -LZ4 +SECCOMP +BLKID +ELFUTILS +KMOD -IDN)
[    4.891288] systemd[1]: Detected virtualization oracle.
[    4.892560] systemd[1]: Detected architecture x86-64.

Welcome to [1mUbuntu 16.04.6 LTS[0m!

[    4.896546] systemd[1]: Set hostname to <ubuntu>.
[    4.898569] systemd[1]: Initializing machine ID from random generator.
[    4.899636] systemd[1]: Installed transient /etc/machine-id file.
[    5.014258] systemd[1]: Reached target Swap.
[[0;32m  OK  [0m] Reached target Swap.
[    5.015721] systemd[1]: Listening on LVM2 poll daemon socket.
[[0;32m  OK  [0m] Listening on LVM2 poll daemon socket.
[    5.017325] systemd[1]: Listening on udev Control Socket.
[[0;32m  OK  [0m] Listening on udev Control Socket.
[    5.018848] systemd[1]: Listening on Syslog Socket.
[[0;32m  OK  [0m] Listening on Syslog Socket.
[    5.742046] systemd[1]: Listening on Journal Socket.
[[0;32m  OK  [0m] Listening on Journal Socket.
[    5.750182] systemd[1]: Listening on Journal Audit Socket.
[[0;32m  OK  [0m] Listening on Journal Audit Socket.
[    5.757666] systemd[1]: Reached target System Time Synchronized.
[[0;32m  OK  [0m] Reached target System Time Synchronized.
[    5.766073] systemd[1]: Started Forward Password Requests to Wall Directory Watch.
[[0;32m  OK  [0m] Started Forward Password Requests to Wall Directory Watch.
[    5.778805] systemd[1]: Set up automount Arbitrary Executable File Formats File System Automount Point.
[[0;32m  OK  [0m] Set up automount Arbitrary Executab...ats File System Automount Point.
[    5.796355] systemd[1]: Created slice User and Session Slice.
[[0;32m  OK  [0m] Created slice User and Session Slice.
[    5.801007] systemd[1]: Started Trigger resolvconf update for networkd DNS.
[[0;32m  OK  [0m] Started Trigger resolvconf update for networkd DNS.
[    5.805774] systemd[1]: Reached target User and Group Name Lookups.
[[0;32m  OK  [0m] Reached target User and Group Name Lookups.
[    5.810236] systemd[1]: Listening on udev Kernel Socket.
[[0;32m  OK  [0m] Listening on udev Kernel Socket.
[    5.813962] systemd[1]: Reached target Encrypted Volumes.
[[0;32m  OK  [0m] Reached target Encrypted Volumes.
[    5.817018] systemd[1]: Listening on Journal Socket (/dev/log).
[[0;32m  OK  [0m] Listening on Journal Socket (/dev/log).
[    5.820113] systemd[1]: Listening on /dev/initctl Compatibility Named Pipe.
[[0;32m  OK  [0m] Listening on /dev/initctl Compatibility Named Pipe.
[    5.822884] systemd[1]: Created slice System Slice.
[[0;32m  OK  [0m] Created slice System Slice.
[    5.835464] systemd[1]: Starting Set console keymap...
         Starting Set console keymap...
[    5.843925] systemd[1]: Starting Uncomplicated firewall...
         Starting Uncomplicated firewall...
[    5.846421] systemd[1]: Mounting Huge Pages File System...
         Mounting Huge Pages File System...
[    5.850631] systemd[1]: Starting Journal Service...
         Starting Journal Service...
[    5.875730] systemd[1]: Mounting Debug File System...
         Mounting Debug File System...
[    5.897816] systemd[1]: Starting Remount Root and Kernel File Systems...
         Starting Remount Root and Kernel File Systems...
[    5.908470] EXT4-fs (sda1): re-mounted. Opts: (null)
[    5.917671] systemd[1]: Starting Create list of required static device nodes for the current kernel...
         Starting Create list of required st... nodes for the current kernel...
[    5.922425] systemd[1]: Reached target Slices.
[[0;32m  OK  [0m] Reached target Slices.
[    5.934352] systemd[1]: Starting Load Kernel Modules...
         Starting Load Kernel Modules...
[    5.939300] systemd[1]: Created slice system-serial\x2dgetty.slice.
[[0;32m  OK  [0m] Created slice system-serial\x2dgetty.slice.
[    5.954413] Loading iSCSI transport class v2.0-870.
[    5.957873] systemd[1]: Starting Nameserver information manager...
         Starting Nameserver information manager...
[    5.964455] systemd[1]: Listening on LVM2 metadata daemon socket.
[[0;32m  OK  [0m] Listening on LVM2 metadata daemon socket.
[    5.969572] systemd[1]: Listening on Device-mapper event daemon FIFOs.
[[    5.976904] iscsi: registered transport (tcp)
[0;32m  OK  [0m] Listening on Device-mapper event daemon FIFOs.
[    5.985589] systemd[1]: Starting Monitoring of LVM2 mirrors, snapshots etc. using dmeventd or progress polling...
         Starting Monitoring of LVM2 mirrors... dmeventd or progress polling...
[    5.990800] systemd[1]: Mounting POSIX Message Queue File System...
         Mounting POSIX Message Queue File System...
[    6.011705] systemd[1]: Mounted Debug File System.
[[0;32m  OK  [0m] Mounted Debug File System.
[    6.014029] systemd[1]: Mounted Huge Pages File System.
[[0;32m  OK  [0m] Mounted Huge Pages File System.
[    6.017169] systemd[1]: Mounted POSIX Message Queue File System.
[[0;32m  OK  [0m] Mounted POSIX Message Queue File System.
[    6.019829] systemd[1]: Started Journal Service.
[[0;32m  OK  [0m] Started Journal Service.
[[0;32m  OK  [0m] Started Set console keymap.
[[0;32m  OK  [0m] Started Uncomplicated firewall.
[[0;32m  OK  [0m] Started Remount Root and Kernel File Systems.
[[0;32m  OK  [0m] Started Create list of required sta...ce nodes for the current kernel.
[    6.052426] iscsi: registered transport (iser)
[[0;32m  OK  [0m] Started Load Kernel Modules.
[[0;32m  OK  [0m] Started Nameserver information manager.
[[0;32m  OK  [0m] Started LVM2 metadata daemon.
         Mounting FUSE Control File System...
         Starting Apply Kernel Variables...
         Starting Create Static [    6.183934] random: nonblocking pool is initialized
Device Nodes in /dev...
         Starting Load/Save Random Seed...
         Starting udev Coldplug all Devices...
         Starting Flush Journal to Persistent Storage...
[[0;32m  OK  [0m] Mounted FUSE Control File System.
[[0;32m  OK  [0m] Started Load/Save Random Seed.
[[0;32m  OK  [0m] Started Apply Kernel Variables.
[[0;32m  OK  [0m] Started Create Static Device Nodes in /dev.
[[0;32m  OK  [0m] Started Flush Journal to Persistent Storage.
         Starting udev Kernel Device Manager...
[[0;32m  OK  [0m] Started udev Coldplug all Devices.
[[0;32m  OK  [0m] Started udev Kernel Device Manager.
[[0;32m  OK  [0m] Started Dispatch Password Requests to Console Directory Watch.
[[0;32m  OK  [0m] Started Monitoring of LVM2 mirrors,...ng dmeventd or progress polling.
[[0;32m  OK  [0m] Reached target Local File Systems (Pre).
[[0;32m  OK  [0m] Reached target Local File Systems.
         Starting Set console font and keymap...
         Starting Create Volatile Files and Directories...
         Starting Initial cloud-init job (pre-networking)...
         Starting Tell Plymouth To Write Out Runtime Data...
         Starting Commit a transient machine-id on disk...
         Starting LSB: AppArmor initialization...
[[0;32m  OK  [0m] Started Create Volatile Files and Directories.
[[0;32m  OK  [0m] Started Tell Plymouth To Write Out Runtime Data.
[[0;32m  OK  [0m] Started Commit a transient machine-id on disk.
         Starting Update UTMP about System Boot/Shutdown...
[[0;32m  OK  [0m] Started Update UTMP about System Boot/Shutdown.
[[0;32m  OK  [0m] Found device /dev/ttyS0.
[[0;32m  OK  [0m] Listening on Load/Save RF Kill Switch Status /dev/rfkill Watch.
[[0;32m  OK  [0m] Started LSB: AppArmor initialization.
[    7.545270] cloud-init[481]: Cloud-init v. 18.5-45-g3554ffe8-0ubuntu1~16.04.1 running 'init-local' at Tue, 30 Apr 2019 06:31:07 +0000. Up 7.14 seconds.
[[0;32m  OK  [0m] Started Initial cloud-init job (pre-networking).
[[0;32m  OK  [0m] Reached target Network (Pre).
         Starting Raise network interfaces...
[[0;32m  OK  [0m] Started Set console font and keymap.
[[0;32m  OK  [0m] Created slice system-getty.slice.
[[0;32m  OK  [0m] Started Raise network interfaces.
         Starting Initial cloud-init job (metadata service crawler)...
[[0;32m  OK  [0m] Reached target Network.
[    8.755291] cloud-init[953]: Cloud-init v. 18.5-45-g3554ffe8-0ubuntu1~16.04.1 running 'init' at Tue, 30 Apr 2019 06:31:09 +0000. Up 8.22 seconds.
[    8.757578] cloud-init[953]: ci-info: ++++++++++++++++++++++++++++++++++++++Net device info+++++++++++++++++++++++++++++++++++++++
[    8.759007] cloud-init[953]: ci-info: +--------+-------+----------------------------+---------------+--------+-------------------+
[    8.760255] cloud-init[953]: ci-info: | Device |   Up  |          Address           |      Mask     | Scope  |     Hw-Address    |
[    8.761668] cloud-init[953]: ci-info: +--------+-------+----------------------------+---------------+--------+-------------------+
[    8.763031] cloud-init[953]: ci-info: | enp0s3 |  True |         10.0.2.15          | 255.255.255.0 | global | 02:26:7f:6e:ca:81 |
[    8.764418] cloud-init[953]: ci-info: | enp0s3 |  True | fe80::26:7fff:fe6e:ca81/64 |       .       |  link  | 02:26:7f:6e:ca:81 |
[    8.765816] cloud-init[953]: ci-info: | enp0s8 | False |             .              |       .       |   .    | 08:00:27:19:aa:83 |
[    8.767145] cloud-init[953]: ci-info: |   lo   |  True |         127.0.0.1          |   255.0.0.0   |  host  |         .         |
[    8.768326] cloud-init[953]: ci-info: |   lo   |  True |          ::1/128           |       .       |  host  |         .         |
[    8.769552] cloud-init[953]: ci-info: +--------+-------+----------------------------+---------------+--------+-------------------+
[    8.771006] cloud-init[953]: ci-info: +++++++++++++++++++++++++++Route IPv4 info++++++++++++++++++++++++++++
[    8.780406] cloud-init[953]: ci-info: +-------+-------------+----------+---------------+-----------+-------+
[    8.781486] cloud-init[953]: ci-info: | Route | Destination | Gateway  |    Genmask    | Interface | Flags |
[    8.782585] cloud-init[953]: ci-info: +-------+-------------+----------+---------------+-----------+-------+
[    8.783643] cloud-init[953]: ci-info: |   0   |   0.0.0.0   | 10.0.2.2 |    0.0.0.0    |   enp0s3  |   UG  |
[    8.784662] cloud-init[953]: ci-info: |   1   |   10.0.2.0  | 0.0.0.0  | 255.255.255.0 |   enp0s3  |   U   |
[    8.785693] cloud-init[953]: ci-info: +-------+-------------+----------+---------------+-----------+-------+
[    8.786704] cloud-init[953]: ci-info: +++++++++++++++++++Route IPv6 info+++++++++++++++++++
[    8.787595] cloud-init[953]: ci-info: +-------+-------------+---------+-----------+-------+
[    8.788535] cloud-init[953]: ci-info: | Route | Destination | Gateway | Interface | Flags |
[    8.797492] cloud-init[953]: ci-info: +-------+-------------+---------+-----------+-------+
[    8.799156] cloud-init[953]: ci-info: |   0   |  fe80::/64  |    ::   |   enp0s3  |   U   |
[    8.800828] cloud-init[953]: ci-info: |   3   |   ff00::/8  |    ::   |   enp0s3  |   U   |
[    8.801967] cloud-init[953]: ci-info: +-------+-------------+---------+-----------+-------+
[    8.802988] cloud-init[953]: Generating public/private rsa key pair.
[    8.807164] cloud-init[953]: Your identification has been saved in /etc/ssh/ssh_host_rsa_key.
[    8.810764] cloud-init[953]: Your public key has been saved in /etc/ssh/ssh_host_rsa_key.pub.
[    8.812024] cloud-init[953]: The key fingerprint is:
[    8.821992] cloud-init[953]: SHA256:kmbBB6nxLKtlZtNWiNp8utUOdIUZlGW2xvVKPrHX1kI root@ubuntu-xenial
[    8.823728] cloud-init[953]: The key's randomart image is:
[    8.825036] cloud-init[953]: +---[RSA 2048]----+
[    8.825932] cloud-init[953]: |      .ooo+ .    |
[    8.826797] cloud-init[953]: |    .....B o .   |
[    8.827691] cloud-init[953]: |     *o.+ = o E  |
[    8.828472] cloud-init[953]: |    + ++.o o = ..|
[    8.829336] cloud-init[953]: |   + +*.S   = o +|
[    8.830034] cloud-init[953]: |  . X+++     o o |
[    8.830741] cloud-init[953]: |   * =o .        |
[    8.831447] cloud-init[953]: |  . .. o         |
[[0;32m  OK  [0m] Started Initial cloud-init job (metadata service crawler).
[    8.837810] [cloud-init[0;32m  OK  [0m[953]: ] |    ..  .        |Reached target Cloud-config availability.

[    8.838444] [[0;32m  OK  [0m] Reached target System Initialization.
[[0;32m  OK  [0m] Started Daily apt download activities.
[[0;32m  OK  [0m] Started Daily Cleanup of Temporary Directories.
cloud-init[953]: +----[SHA256]-----+
[    8.842381] cloud-init[953]: Generating public/private dsa key pair.
[    8.843246] cloud-init[953]: Your identification has been saved in /etc/ssh/ssh_host_dsa_key.
[    8.844241] cloud-init[953]: Your public key has been saved in /etc/ssh/ssh_host_dsa_key.pub.
[    8.845195] cloud-init[953]: The key fingerprint is:
[    8.845880] cloud-init[953]: SHA256:5T3z0M/7YTfXuY+/a034KbW+U5Y/q0UNx+0PtaJpf7c root@ubuntu-xenial
[    8.846993] [[0;32m  OK  [0m] Started ACPI Events Check.
[[0;32m  OK  [0m] Reached target Paths.
[[0;32m  OK  [0m] Listening on UUID daemon activation socket.
[[0;32m  OK  [0m] Listening on ACPID Listen Socket.
cloud-init[953]: The key's randomart image is:
[    8.849524]          Starting Socket activation for snappy daemon.
[[0;32m  OK  [0m] Listening on D-Bus System Message Bus Socket.
[[0;32m  OK  [0m] Started Daily apt upgrade and clean activities.
[[0;32m  OK  [0m] Reached target Timers.
cloud-init[953]: +---[DSA 1024]----+         Starting LXD - unix socket.
[
[0;32m  OK  [0m] Reached target Network is Online.
[    8.852742] cloud-init[953]: |                 |
[    8.853614] cloud-init[953]: |               ..|
[    8.854306] cloud-init[953]: |          .   . =|
[    8.854986] cloud-init[953]: |         o . . =o|
[    8.855737] cloud-init[953]: |        S . =.o++|
[    8.856393] cloud-init[953]: |            o=+*B|
[    8.857444] cloud-init[953]: |           +  oX&|
[    8.859300] cloud-init[953]: |          . ..oO%|
[    8.860134] cloud-init[953]: |             oBE/|
[    8.860817] cloud-init[953]: +----[SHA256]-----+
[    8.861538] cloud-init[953]: Generating public/private ecdsa key pair.
[    8.862341] cloud-init[953]: Your identification has been saved in /etc/ssh/ssh_host_ecdsa_key.
[    8.863305] cloud-init[953]: Your public key has been saved in /etc/ssh/ssh_host_ecdsa_key.pub.
[    8.864310] cloud-init[953]: The key fingerprint is:
[    8.865006] cloud-init[953]: SHA256:CnXeJuOX6W7t2x4/ujHmcbGA+YeCNGumNh4CsiLIbQE root@ubuntu-xenial
[    8.865986] cloud-init[953]: The key's randomart image is:
[    8.866710] cloud-init[953]: +---[ECDSA 256]---+
[    8.867359] cloud-init[953]: |                 |
[    8.868175] cloud-init[953]: |                 |
[    8.868888] cloud-init[953]: | E    . .        |
[    8.869573] cloud-init[953]: |  .  . o .  o    |
[    8.870249] cloud-init[953]: | . o.   Sooo . . |
[    8.870931] cloud-init[953]: |o + o. o.++o. o o|
[    8.871584] cloud-init[953]: |+o o ....=+o B.+ |
[    8.872318] cloud-init[953]: |o .   .o=o. =.*+ |
[    8.873397] cloud-init[953]: |      oo.oo.o*= o|
[    8.874114] cloud-init[953]: +----[SHA256]-----+
[    8.874790] cloud-init[953]: Generating public/private ed25519 key pair.
[    8.875621] cloud-init[953]: Your identification has been saved in /etc/ssh/ssh_host_ed25519_key.         Starting iSCSI initiator daemon (iscsid)...

[    8.876998] [[0;32m  OK  [0m] Listening on Socket activation for snappy daemon.
[[0;32m  OK  [0m] Listening on LXD - unix socket.
cloud-init[953]: Your public key has been saved in /etc/ssh/ssh_host_ed25519_key.pub.
[    8.878977] [[0;32m  OK  [0m] Reached target Sockets.
[[0;32m  OK  [0m] Reached target Basic System.
cloud-init[953]:          Starting LSB: MD monitoring daemon...
The key fingerprint is:         Starting LSB: Record successful boot for GRUB...

[    8.881494]          cloud-initStarting System Logging Service...[953]: 
SHA256:aPdkS3piexrziIKArx7OgttKlOqK3wKlBxYiFdiIQ8I root@ubuntu-xenial
         Starting LXD - container startup/shutdown...
         Starting Pollinate to seed the pseudo random number generator...
         Starting Accounts Service...
         Starting Login Service...
[    8.899970] [[0;32m  OK  [0m] Started Regular background program processing daemon.
         Starting /etc/rc.local Compatibility...
cloud-init[953]: [[0;32m  OK  [0m] Started ACPI event daemon.
         Starting Virtualbox guest utils...
[[0;32m  OK  [0m] Started D-Bus System Message Bus.
The key's randomart image is:
[    8.915329] cloud-init[953]: +--[ED25519 256]--+
[    8.918853] cloud-init[953]: |=*o.             |
[    8.921178] cloud-init[953]: |OE.              |
[    8.922698] cloud-init[953]: |o..              |
[    8.925476] cloud-init[953]: |..o    .         |
[    8.926176] cloud-init[953]: |o*    o S +      |
[    8.927003] cloud-init[953]: |B .  . . * .     |
[    8.927910] cloud-init[953]: |oB .    * +      |
[    8.928598] cloud-init[953]: |O.=..  o O.      |
[    8.929390] cloud-init[953]: |XXo.... +o.      |
[    8.930633] cloud-init[953]: +----[SHA256]-----+
[[0;32m  OK  [0m] Started Deferred execution scheduler.
[[0;32m  OK  [0m] Started FUSE filesystem for LXC.
         Starting Snappy daemon...
[[0;32m  OK  [0m] Started System Logging Service.
[[0;32m  OK  [0m] Started /etc/rc.local Compatibility.
[[0;32m  OK  [0m] Started iSCSI initiator daemon (iscsid).
[[0;32m  OK  [0m] Started LXD - container startup/shutdown.
[[0;32m  OK  [0m] Started Login Service.
[[0;32m  OK  [0m] Started LSB: Record successful boot for GRUB.
[[0;32m  OK  [0m] Started LSB: MD monitoring daemon.
[[0;32m  OK  [0m] Started Unattended Upgrades Shutdown.
         Starting Authenticate and Authorize Users to Run Privileged Tasks...
         Starting Login to default iSCSI targets...
[[0;32m  OK  [0m] Started Virtualbox guest utils.
[[0;32m  OK  [0m] Started Authenticate and Authorize Users to Run Privileged Tasks.
[[0;32m  OK  [0m] Started Accounts Service.
[[0;32m  OK  [0m] Started Login to default iSCSI targets.
[[0;32m  OK  [0m] Reached target Remote File Systems (Pre).
[[0;32m  OK  [0m] Reached target Remote File Systems.
         Starting LSB: Set the CPU Frequency Scaling governor to "ondemand"...
         Starting LSB: daemon to balance interrupts for SMP systems...
         Starting Permit User Sessions...
         Starting LSB: automatic crash report generation...
[[0;32m  OK  [0m] Started Permit User Sessions.
         Starting Terminate Plymouth Boot Screen...
         Starting Hold until boot process finishes up...
[[0;32m  OK  [0m] Started Hold until boot process finishes up.
         Starting Set console scheme...
[[0;32m  OK  [0m] Started Getty on tty1.
[[0;32m  OK  [0m] Started Serial Getty on ttyS0.
[[0;32m  OK  [0m] Reached target Login Prompts.
[[0;32m  OK  [0m] Started Snappy daemon.
[[0;32m  OK  [0m] Started LSB: Set the CPU Frequency Scaling governor to "ondemand".
[[0;32m  OK  [0m] Started LSB: daemon to balance interrupts for SMP systems.
[[0;32m  OK  [0m] Started LSB: automatic crash report generation.
[[0;32m  OK  [0m] Started Terminate Plymouth Boot Screen.
[[0;32m  OK  [0m] Started Set console scheme.
         Starting Wait until snapd is fully seeded...
[[0;32m  OK  [0m] Started Pollinate to seed the pseudo random number generator.
         Starting OpenBSD Secure Shell server...
[[0;32m  OK  [0m] Started OpenBSD Secure Shell server.
[[0;32m  OK  [0m] Created slice User Slice of vagrant.
         Starting User Manager for UID 1000...
[[0;32m  OK  [0m] Started Session 1 of user vagrant.
[[0;32m  OK  [0m] Started User Manager for UID 1000.
[   14.767366] cloud-init[1442]: Generating locales (this might take a while)...

Ubuntu 16.04.6 LTS ubuntu-xenial ttyS0

ubuntu-xenial login: [   15.531567] cloud-init[1442]:   en_US.UTF-8... done
[   15.533229] cloud-init[1442]: Generation complete.
[   16.096813] cloud-init[1442]: Cloud-init v. 18.5-45-g3554ffe8-0ubuntu1~16.04.1 running 'modules:config' at Tue, 30 Apr 2019 06:31:15 +0000. Up 14.65 seconds.
ci-info: no authorized ssh keys fingerprints found for user ubuntu.
<14>Apr 30 06:31:17 ec2: 
<14>Apr 30 06:31:17 ec2: #############################################################
<14>Apr 30 06:31:17 ec2: -----BEGIN SSH HOST KEY FINGERPRINTS-----
<14>Apr 30 06:31:17 ec2: 1024 SHA256:5T3z0M/7YTfXuY+/a034KbW+U5Y/q0UNx+0PtaJpf7c root@ubuntu-xenial (DSA)
<14>Apr 30 06:31:17 ec2: 256 SHA256:CnXeJuOX6W7t2x4/ujHmcbGA+YeCNGumNh4CsiLIbQE root@ubuntu-xenial (ECDSA)
<14>Apr 30 06:31:17 ec2: 256 SHA256:aPdkS3piexrziIKArx7OgttKlOqK3wKlBxYiFdiIQ8I root@ubuntu-xenial (ED25519)
<14>Apr 30 06:31:17 ec2: 2048 SHA256:kmbBB6nxLKtlZtNWiNp8utUOdIUZlGW2xvVKPrHX1kI root@ubuntu-xenial (RSA)
<14>Apr 30 06:31:17 ec2: -----END SSH HOST KEY FINGERPRINTS-----
<14>Apr 30 06:31:17 ec2: #############################################################
-----BEGIN SSH HOST KEY KEYS-----
ecdsa-sha2-nistp256 AAAAE2VjZHNhLXNoYTItbmlzdHAyNTYAAAAIbmlzdHAyNTYAAABBBOgU1lSJ27fDocd7KM3bNugbBfAehs63RULVABGJ3yeWIXnlreElXmwXdiMquMX7XSRxb3ojeZx2knna6RcDypQ= root@ubuntu-xenial
ssh-ed25519 AAAAC3NzaC1lZDI1NTE5AAAAINdVXUEiolbJnJQJkrgvx3/Esp6FjofqAk1qBDDmkAid root@ubuntu-xenial
ssh-rsa AAAAB3NzaC1yc2EAAAADAQABAAABAQCx/rTPUSb2ZLuU5wwK5hGIoH95s+bVPWXiMFh+bVRzRGfRXVIXtFsyHaSdQzydIJq1Hh2pXVW6r+njIfHzOuEYKw0EAUVofxG/m+EZAgl0tUwBLYRLlwBo53MoRcUTLqz/PcjCmNSWcfYE23i8y6PmMUI2xFJQVuW2kUfFjpYeVuN1z4UVrVMRnJ2fs4K/QhzGjlbqT0K6TREqWeH8g+ugcW/kRrvuIaHFNOgid5bz9bbIhXSeaaKEGtySlFNA9u3TxP9m9q3juBQ19vII8UFQKOtFXPGYv3n7+GE3c0ePIxdGfRFLXlnhv6SN3G+17699A4KWNd4RJ3VyqlaIzARD root@ubuntu-xenial
-----END SSH HOST KEY KEYS-----
[   16.575124] cloud-init[1582]: Cloud-init v. 18.5-45-g3554ffe8-0ubuntu1~16.04.1 running 'modules:final' at Tue, 30 Apr 2019 06:31:17 +0000. Up 16.43 seconds.
[   16.576862] cloud-init[1582]: ci-info: no authorized ssh keys fingerprints found for user ubuntu.
[   16.578818] cloud-init[1582]: Cloud-init v. 18.5-45-g3554ffe8-0ubuntu1~16.04.1 finished at Tue, 30 Apr 2019 06:31:17 +0000. Datasource DataSourceNoCloud [seed=/dev/sdb][dsmode=net].  Up 16.56 seconds
